SF:lib/data/models/tv_series_table.dart
DA:11,4
DA:18,4
DA:19,2
DA:20,2
DA:21,2
DA:22,2
DA:25,2
DA:26,1
DA:27,1
DA:28,1
DA:29,1
DA:32,2
DA:33,1
DA:34,1
DA:35,1
DA:36,1
DA:39,4
DA:40,2
DA:41,2
DA:42,2
DA:43,2
DA:46,3
DA:47,15
LF:23
LH:23
end_of_record
SF:lib/domain/entities/detail_seasons.dart
DA:5,4
DA:13,3
DA:14,9
LF:3
LH:3
end_of_record
SF:lib/domain/entities/episode.dart
DA:4,5
DA:18,4
DA:20,24
LF:3
LH:3
end_of_record
SF:lib/domain/entities/genre.dart
DA:4,7
DA:12,3
DA:13,9
LF:3
LH:3
end_of_record
SF:lib/domain/entities/seasons.dart
DA:4,7
DA:20,3
DA:21,21
LF:3
LH:3
end_of_record
SF:lib/domain/entities/tv_series.dart
DA:4,4
DA:13,2
DA:29,5
DA:30,5
DA:31,5
DA:32,5
DA:33,5
DA:34,5
DA:35,5
DA:36,5
LF:10
LH:10
end_of_record
SF:lib/domain/entities/tv_series_detail.dart
DA:6,7
DA:32,3
DA:33,3
DA:34,3
DA:35,3
DA:36,3
DA:37,3
DA:38,3
DA:39,3
DA:40,3
DA:41,3
DA:42,3
DA:43,3
DA:44,3
LF:14
LH:14
end_of_record
SF:lib/data/datasources/tv_series_local_data_source.dart
DA:14,1
DA:17,1
DA:19,3
DA:22,2
DA:27,1
DA:29,3
DA:32,2
DA:37,1
DA:38,3
DA:40,1
DA:47,1
DA:49,3
DA:50,4
DA:52,1
LF:14
LH:14
end_of_record
SF:lib/data/datasources/tv_series_remote_data_source.dart
DA:26,1
DA:29,1
DA:31,5
DA:33,2
DA:34,4
DA:36,1
DA:41,1
DA:43,5
DA:45,2
DA:46,3
DA:48,1
DA:53,1
DA:54,2
DA:55,3
DA:57,2
DA:58,4
DA:60,1
DA:65,1
DA:67,5
DA:69,2
DA:70,4
DA:72,1
DA:77,1
DA:79,5
DA:81,2
DA:82,4
DA:84,1
DA:89,1
DA:90,2
DA:91,3
DA:93,2
DA:94,4
DA:96,1
DA:101,1
DA:102,5
DA:104,2
DA:105,3
DA:107,1
LF:38
LH:38
end_of_record
SF:lib/data/models/tv_series_detail_model.dart
DA:8,4
DA:34,2
DA:35,2
DA:36,2
DA:37,2
DA:38,2
DA:39,2
DA:40,8
DA:41,2
DA:42,8
DA:43,2
DA:44,6
DA:45,2
DA:46,2
DA:47,2
DA:48,2
DA:49,4
DA:52,2
DA:53,1
DA:54,1
DA:55,1
DA:56,5
DA:57,5
DA:58,1
DA:59,1
DA:60,1
DA:61,1
DA:62,1
DA:63,1
DA:66,2
DA:67,2
DA:68,2
DA:69,2
DA:70,2
DA:71,10
DA:72,10
DA:73,2
DA:74,2
DA:75,2
DA:76,2
DA:77,2
DA:78,2
DA:82,2
DA:83,2
DA:84,2
DA:85,2
DA:86,2
DA:87,2
DA:88,2
DA:89,2
DA:90,2
DA:91,2
DA:92,2
DA:93,2
DA:94,2
LF:55
LH:55
end_of_record
SF:lib/data/models/tv_series_detail_seasons_model.dart
DA:7,4
DA:15,2
DA:16,2
DA:17,2
DA:18,2
DA:19,4
DA:20,4
DA:25,2
DA:26,1
DA:27,1
DA:28,2
DA:29,2
DA:34,2
DA:35,2
DA:36,2
DA:37,10
DA:41,2
DA:42,6
LF:18
LH:18
end_of_record
SF:lib/data/models/tv_series_model.dart
DA:5,4
DA:21,4
DA:22,2
DA:23,2
DA:24,2
DA:25,2
DA:26,2
DA:27,4
DA:30,2
DA:31,1
DA:32,1
DA:33,1
DA:34,1
DA:35,1
DA:36,1
DA:39,2
DA:40,2
DA:41,2
DA:42,2
DA:43,2
DA:44,2
DA:45,2
DA:46,2
DA:50,2
DA:51,2
DA:52,2
DA:53,2
DA:54,2
DA:55,2
DA:56,2
DA:57,2
LF:31
LH:31
end_of_record
SF:lib/data/models/tv_series_responses.dart
DA:8,2
DA:10,4
DA:11,4
DA:12,6
DA:13,6
DA:16,2
DA:17,5
DA:20,1
DA:21,2
LF:9
LH:9
end_of_record
SF:lib/data/models/genre_model.dart
DA:5,4
DA:13,4
DA:14,2
DA:15,2
DA:18,2
DA:19,1
DA:20,1
DA:23,2
DA:24,6
DA:27,2
DA:28,6
LF:11
LH:11
end_of_record
SF:lib/data/models/seasons_model.dart
DA:5,4
DA:21,4
DA:22,2
DA:23,2
DA:24,2
DA:25,2
DA:26,2
DA:27,2
DA:30,2
DA:31,1
DA:32,1
DA:33,1
DA:34,1
DA:35,1
DA:36,1
DA:39,2
DA:40,2
DA:41,2
DA:42,2
DA:43,2
DA:44,2
DA:45,2
DA:46,2
DA:50,2
DA:52,14
LF:25
LH:25
end_of_record
SF:lib/data/models/tv_series_episode_model.dart
DA:5,6
DA:19,6
DA:20,3
DA:21,3
DA:22,3
DA:23,3
DA:24,3
DA:27,4
DA:28,2
DA:29,2
DA:30,2
DA:31,2
DA:32,2
DA:35,3
DA:36,3
DA:37,3
DA:38,3
DA:39,3
DA:40,3
DA:41,3
DA:45,3
DA:47,18
LF:22
LH:22
end_of_record
SF:lib/data/repositories/tv_series_repository_impl.dart
DA:17,1
DA:23,1
DA:25,3
DA:26,5
DA:27,1
DA:28,2
DA:29,1
DA:30,2
DA:31,0
DA:32,0
DA:34,0
DA:39,1
DA:41,3
DA:42,2
DA:43,1
DA:44,2
DA:45,1
DA:46,2
DA:47,0
DA:48,0
DA:50,0
DA:55,1
DA:57,3
DA:58,3
DA:59,1
DA:60,2
DA:61,1
DA:62,2
DA:63,0
DA:64,0
DA:66,0
DA:71,1
DA:73,3
DA:74,5
DA:75,1
DA:76,2
DA:77,1
DA:78,2
DA:79,0
DA:80,0
DA:82,0
DA:87,1
DA:89,3
DA:90,5
DA:91,1
DA:92,2
DA:93,1
DA:94,2
DA:95,0
DA:96,0
DA:98,0
DA:103,1
DA:105,3
DA:106,5
DA:107,1
DA:108,2
DA:109,1
DA:110,2
DA:111,0
DA:112,0
DA:114,0
DA:119,1
DA:122,4
DA:123,1
DA:124,1
DA:125,3
DA:132,1
DA:135,4
DA:136,1
DA:137,1
DA:138,3
DA:143,1
DA:144,3
DA:149,1
DA:151,3
DA:152,5
DA:153,1
DA:154,3
DA:159,1
DA:161,3
DA:162,2
DA:163,1
DA:164,2
DA:165,1
DA:166,2
DA:167,0
DA:168,0
DA:170,0
LF:88
LH:67
end_of_record
SF:lib/domain/usecases/get_detail_seasons_tv_series.dart
DA:9,1
DA:11,1
DA:12,3
LF:3
LH:3
end_of_record
SF:lib/domain/usecases/get_now_playing_tv_series.dart
DA:9,1
DA:11,1
DA:12,2
LF:3
LH:3
end_of_record
SF:lib/domain/usecases/get_popular_tv_series.dart
DA:9,1
DA:11,1
DA:12,2
LF:3
LH:3
end_of_record
SF:lib/domain/usecases/get_top_rated_tv_series.dart
DA:9,1
DA:11,1
DA:12,2
LF:3
LH:3
end_of_record
SF:lib/domain/usecases/get_tv_series_detail.dart
DA:9,1
DA:11,1
DA:12,2
LF:3
LH:3
end_of_record
SF:lib/domain/usecases/get_tv_series_recommendations.dart
DA:9,1
DA:11,1
DA:12,2
LF:3
LH:3
end_of_record
SF:lib/domain/usecases/get_watchlist_status_tv_series.dart
DA:6,1
DA:8,1
DA:9,2
LF:3
LH:3
end_of_record
SF:lib/domain/usecases/remove_watchlist_tv_series.dart
DA:9,1
DA:11,1
DA:12,2
LF:3
LH:3
end_of_record
SF:lib/domain/usecases/save_watchlist_tv_series.dart
DA:9,1
DA:11,1
DA:12,2
LF:3
LH:3
end_of_record
SF:lib/persentation/bloc/detail_tv_series/detail_tv_series_bloc.freezed.dart
DA:10,1
DA:12,0
DA:17,24
DA:19,0
DA:29,0
DA:48,0
DA:49,0
DA:50,0
DA:51,0
DA:52,0
DA:53,0
DA:54,0
DA:55,0
DA:56,0
DA:57,0
DA:58,0
DA:60,0
DA:62,0
DA:85,1
DA:91,0
DA:103,0
DA:104,0
DA:105,0
DA:108,0
DA:109,0
DA:112,0
DA:113,0
DA:116,0
DA:117,0
DA:120,0
DA:121,0
DA:124,0
DA:125,0
DA:128,0
DA:129,0
DA:132,0
DA:133,0
DA:136,0
DA:137,0
DA:167,1
DA:169,3
DA:171,1
DA:172,1
DA:174,1
DA:186,3
DA:187,1
DA:188,2
DA:191,1
DA:192,2
DA:195,1
DA:196,2
DA:199,1
DA:200,2
DA:203,1
DA:204,2
DA:207,1
DA:208,2
DA:211,1
DA:212,2
DA:215,1
DA:216,2
DA:219,1
DA:220,2
DA:230,1
DA:260,1
DA:262,10
DA:265,1
DA:268,1
DA:269,2
DA:271,3
DA:272,2
DA:274,0
DA:275,1
DA:276,1
DA:277,1
DA:278,1
DA:279,1
DA:281,2
DA:282,0
DA:283,0
DA:284,2
DA:285,1
DA:286,2
DA:287,2
DA:289,0
DA:290,2
DA:292,0
DA:293,2
DA:295,3
DA:296,2
DA:298,3
DA:301,0
DA:303,0
DA:304,0
DA:305,0
DA:306,0
DA:307,0
DA:308,0
DA:309,0
DA:310,0
DA:311,0
DA:312,0
DA:314,1
DA:317,1
DA:333,0
DA:334,0
DA:335,0
DA:336,0
DA:337,0
DA:339,0
DA:340,0
DA:342,0
DA:343,0
DA:344,0
DA:345,0
DA:346,0
DA:347,0
DA:348,0
DA:349,0
DA:350,0
DA:351,0
DA:352,0
DA:353,0
DA:356,0
LF:124
LH:52
end_of_record
SF:lib/persentation/bloc/detail_tv_series/detail_tv_series_bloc.dart
DA:26,1
DA:33,2
DA:34,2
DA:35,2
DA:36,2
DA:37,2
DA:38,2
DA:41,1
DA:45,4
DA:47,4
DA:50,4
DA:52,1
DA:53,1
DA:54,1
DA:55,1
DA:56,3
DA:58,1
DA:61,0
DA:62,0
DA:63,0
DA:65,0
DA:70,1
DA:71,1
DA:72,3
DA:81,1
DA:82,1
DA:83,1
DA:84,1
DA:85,3
DA:87,1
DA:90,0
DA:91,0
DA:92,0
DA:94,0
DA:99,1
DA:100,1
DA:101,3
DA:114,1
DA:118,4
DA:120,5
DA:122,1
DA:123,1
DA:124,1
DA:125,1
DA:126,3
DA:128,1
DA:131,0
DA:132,0
DA:133,0
DA:135,0
DA:140,1
DA:141,1
DA:142,3
DA:153,1
DA:157,4
DA:158,1
DA:159,0
DA:160,0
DA:161,0
DA:162,0
DA:163,0
DA:168,1
DA:169,1
DA:170,3
DA:176,1
DA:177,1
DA:178,2
DA:183,1
DA:187,4
DA:188,1
DA:189,0
DA:190,0
DA:191,0
DA:192,0
DA:193,0
DA:198,1
DA:199,1
DA:200,3
DA:206,1
DA:207,1
DA:208,2
DA:213,1
DA:217,4
DA:219,1
DA:220,3
LF:85
LH:63
end_of_record
SF:lib/persentation/bloc/detail_tv_series/detail_tv_series_event.dart
DA:4,1
DA:10,1
DA:12,0
DA:13,0
DA:21,1
DA:23,0
DA:24,0
DA:31,1
DA:33,0
DA:34,0
DA:41,1
DA:43,0
DA:44,0
DA:51,1
DA:53,0
DA:54,0
LF:16
LH:6
end_of_record
SF:lib/persentation/bloc/detail_tv_series/detail_tv_series_state.dart
DA:17,2
LF:1
LH:1
end_of_record
SF:lib/persentation/bloc/tv_series_list/tv_series_list_bloc.freezed.dart
DA:10,1
DA:12,0
DA:17,24
DA:19,0
DA:27,0
DA:44,0
DA:45,0
DA:46,0
DA:47,0
DA:48,0
DA:49,0
DA:50,0
DA:51,0
DA:53,0
DA:55,0
DA:76,1
DA:82,0
DA:92,0
DA:93,0
DA:94,0
DA:97,0
DA:98,0
DA:101,0
DA:102,0
DA:105,0
DA:106,0
DA:109,0
DA:110,0
DA:113,0
DA:114,0
DA:117,0
DA:118,0
DA:146,1
DA:148,3
DA:150,1
DA:151,1
DA:153,1
DA:163,3
DA:164,1
DA:165,2
DA:168,1
DA:169,2
DA:172,1
DA:173,2
DA:176,1
DA:177,2
DA:180,1
DA:181,2
DA:184,1
DA:185,2
DA:188,1
DA:189,2
DA:199,1
DA:223,1
DA:225,8
DA:228,1
DA:231,1
DA:232,2
DA:233,1
DA:234,2
DA:235,2
DA:237,0
DA:238,2
DA:239,1
DA:240,2
DA:241,2
DA:243,0
DA:244,2
DA:245,1
DA:246,2
DA:247,2
DA:249,0
DA:250,2
DA:251,0
DA:254,0
DA:256,0
DA:257,0
DA:258,0
DA:259,0
DA:260,0
DA:261,0
DA:262,0
DA:263,0
DA:265,1
DA:268,1
DA:281,0
DA:283,0
DA:284,0
DA:285,0
DA:286,0
DA:287,0
DA:288,0
DA:289,0
DA:290,0
DA:291,0
DA:292,0
DA:293,0
DA:294,0
DA:295,0
DA:296,0
DA:299,0
LF:101
LH:43
end_of_record
SF:lib/persentation/bloc/tv_series_list/tv_series_list_event.dart
DA:6,0
DA:7,0
DA:11,0
DA:12,0
DA:16,0
DA:17,0
LF:6
LH:0
end_of_record
SF:lib/persentation/bloc/tv_series_list/tv_series_list_bloc.dart
DA:20,1
DA:24,2
DA:25,2
DA:26,2
DA:27,2
DA:30,1
DA:34,1
DA:35,3
DA:39,3
DA:41,1
DA:42,1
DA:43,1
DA:44,1
DA:45,3
DA:47,1
DA:50,0
DA:51,0
DA:52,0
DA:54,0
DA:59,1
DA:60,4
DA:68,1
DA:72,1
DA:73,3
DA:77,3
DA:79,1
DA:80,1
DA:81,1
DA:82,1
DA:83,3
DA:85,1
DA:88,0
DA:89,0
DA:90,0
DA:92,0
DA:97,1
DA:98,4
DA:106,1
DA:110,1
DA:111,3
DA:115,3
DA:117,1
DA:118,1
DA:119,1
DA:120,1
DA:121,3
DA:123,1
DA:126,0
DA:127,0
DA:128,0
DA:130,0
DA:135,1
DA:136,4
LF:53
LH:41
end_of_record
SF:lib/persentation/bloc/tv_series_list/tv_series_list_state.dart
DA:15,2
LF:1
LH:1
end_of_record
SF:lib/persentation/pages/home_tv_series_page.dart
DA:12,0
DA:14,0
DA:15,0
DA:16,0
DA:17,0
DA:18,0
DA:19,0
DA:20,0
DA:21,0
DA:23,0
DA:27,0
DA:29,0
DA:30,0
DA:32,0
DA:33,0
DA:35,0
DA:37,0
DA:38,0
DA:39,0
DA:40,0
DA:41,0
DA:43,0
DA:45,0
DA:46,0
DA:48,0
DA:49,0
DA:50,0
DA:53,0
DA:56,0
DA:58,0
DA:59,0
DA:61,0
DA:62,0
DA:63,0
DA:64,0
DA:65,0
DA:67,0
DA:69,0
DA:70,0
DA:71,0
DA:72,0
DA:73,0
DA:76,0
DA:79,0
DA:81,0
DA:82,0
DA:84,0
DA:85,0
DA:86,0
DA:87,0
DA:88,0
DA:90,0
DA:92,0
DA:93,0
DA:95,0
DA:96,0
DA:97,0
DA:100,0
DA:110,0
DA:111,0
DA:113,0
DA:114,0
DA:116,0
DA:118,0
DA:120,0
DA:122,0
DA:123,0
DA:135,0
DA:137,0
DA:139,0
DA:141,0
DA:143,0
DA:144,0
DA:145,0
DA:147,0
DA:148,0
DA:149,0
DA:150,0
DA:153,0
DA:156,0
DA:157,0
DA:158,0
DA:159,0
DA:160,0
DA:161,0
DA:163,0
DA:169,0
LF:87
LH:0
end_of_record
SF:lib/persentation/pages/popular_tv_series_page.dart
DA:8,0
DA:10,0
DA:11,0
DA:12,0
DA:14,0
DA:16,0
DA:17,0
DA:18,0
DA:19,0
DA:20,0
DA:22,0
DA:23,0
DA:24,0
DA:25,0
DA:27,0
DA:29,0
DA:30,0
DA:31,0
DA:32,0
DA:35,0
LF:20
LH:0
end_of_record
SF:lib/persentation/widgets/tv_series_card_list.dart
DA:10,0
DA:12,0
DA:14,0
DA:16,0
DA:17,0
DA:18,0
DA:21,0
DA:24,0
DA:26,0
DA:27,0
DA:28,0
DA:29,0
DA:35,0
DA:37,0
DA:38,0
DA:39,0
DA:42,0
DA:44,0
DA:45,0
DA:46,0
DA:54,0
DA:59,0
DA:60,0
DA:61,0
DA:63,0
DA:64,0
DA:66,0
DA:68,0
LF:28
LH:0
end_of_record
SF:lib/persentation/pages/top_rated_tv_series_page.dart
DA:8,0
DA:10,0
DA:11,0
DA:12,0
DA:14,0
DA:16,0
DA:17,0
DA:18,0
DA:19,0
DA:20,0
DA:22,0
DA:23,0
DA:24,0
DA:25,0
DA:27,0
DA:29,0
DA:30,0
DA:31,0
DA:32,0
DA:35,0
LF:20
LH:0
end_of_record
SF:lib/persentation/pages/tv_series_detail_page.dart
DA:15,0
DA:17,0
DA:18,0
DA:22,0
DA:24,0
DA:25,0
DA:26,0
DA:29,0
DA:31,0
DA:32,0
DA:33,0
DA:34,0
DA:35,0
DA:37,0
DA:39,0
DA:40,0
DA:41,0
DA:46,0
DA:47,0
DA:48,0
DA:49,0
DA:51,0
DA:52,0
DA:53,0
DA:54,0
DA:55,0
DA:58,0
DA:59,0
DA:60,0
DA:61,0
DA:64,0
DA:75,0
DA:77,0
DA:79,0
DA:80,0
DA:81,0
DA:82,0
DA:83,0
DA:85,0
DA:86,0
DA:88,0
DA:90,0
DA:92,0
DA:93,0
DA:94,0
DA:95,0
DA:97,0
DA:104,0
DA:105,0
DA:106,0
DA:108,0
DA:110,0
DA:112,0
DA:113,0
DA:114,0
DA:115,0
DA:116,0
DA:117,0
DA:118,0
DA:121,0
DA:122,0
DA:126,0
DA:128,0
DA:132,0
DA:133,0
DA:139,0
DA:140,0
DA:141,0
DA:143,0
DA:144,0
DA:147,0
DA:148,0
DA:151,0
DA:153,0
DA:154,0
DA:155,0
DA:156,0
DA:157,0
DA:161,0
DA:162,0
DA:164,0
DA:165,0
DA:167,0
DA:168,0
DA:169,0
DA:170,0
DA:172,0
DA:178,0
DA:181,0
DA:182,0
DA:184,0
DA:186,0
DA:187,0
DA:189,0
DA:191,0
DA:192,0
DA:194,0
DA:196,0
DA:198,0
DA:200,0
DA:201,0
DA:202,0
DA:204,0
DA:205,0
DA:206,0
DA:208,0
DA:209,0
DA:210,0
DA:211,0
DA:213,0
DA:218,0
DA:219,0
DA:220,0
DA:221,0
DA:222,0
DA:224,0
DA:226,0
DA:227,0
DA:228,0
DA:230,0
DA:233,0
DA:234,0
DA:236,0
DA:242,0
DA:245,0
DA:248,0
DA:249,0
DA:250,0
DA:251,0
DA:255,0
DA:258,0
DA:259,0
DA:260,0
DA:261,0
DA:262,0
DA:268,0
DA:271,0
DA:276,0
DA:277,0
DA:278,0
DA:280,0
DA:295,0
DA:298,0
DA:300,0
DA:302,0
DA:307,0
DA:309,0
DA:324,0
DA:326,0
DA:329,0
DA:330,0
DA:331,0
DA:332,0
DA:341,0
DA:343,0
DA:344,0
DA:347,0
DA:351,0
DA:354,0
DA:356,0
DA:357,0
DA:360,0
DA:361,0
DA:363,0
DA:364,0
DA:366,0
DA:372,0
DA:374,0
DA:376,0
DA:377,0
DA:378,0
DA:379,0
DA:380,0
DA:381,0
DA:383,0
DA:384,0
DA:385,0
DA:386,0
DA:388,0
DA:389,0
DA:391,0
DA:393,0
DA:394,0
DA:395,0
DA:397,0
DA:398,0
DA:399,0
DA:402,0
DA:405,0
DA:406,0
DA:407,0
DA:409,0
DA:411,0
DA:412,0
DA:413,0
DA:415,0
DA:421,0
DA:425,0
LF:198
LH:0
end_of_record
SF:lib/persentation/pages/tv_series_episode.dart
DA:11,0
DA:15,0
DA:17,0
DA:18,0
DA:22,0
DA:24,0
DA:25,0
DA:28,0
DA:30,0
DA:31,0
DA:32,0
DA:34,0
DA:36,0
DA:37,0
DA:38,0
DA:39,0
DA:40,0
DA:42,0
DA:43,0
DA:44,0
DA:45,0
DA:46,0
DA:48,0
DA:50,0
DA:51,0
DA:52,0
DA:53,0
DA:56,0
LF:28
LH:0
end_of_record
SF:lib/persentation/widgets/episode_tv_series_card.dart
DA:9,0
DA:11,0
DA:13,0
DA:15,0
DA:17,0
DA:19,0
DA:20,0
DA:22,0
DA:23,0
DA:24,0
DA:26,0
DA:27,0
DA:29,0
DA:31,0
DA:34,0
DA:35,0
DA:37,0
DA:38,0
DA:40,0
DA:41,0
DA:42,0
DA:43,0
DA:44,0
DA:47,0
DA:49,0
DA:50,0
DA:51,0
DA:52,0
DA:55,0
DA:60,0
DA:61,0
DA:62,0
LF:32
LH:0
end_of_record
